[0725/140413.679:ERROR:process_reader_win.cc(123)] NtOpenThread: {Odmowa dostêpu} Proces za¿¹da³ dostêpu do obiektu, ale prawa dostêpu nie zosta³y przyznane. (0xc0000022)
[0725/140413.680:ERROR:exception_snapshot_win.cc(98)] thread ID 15540 not found in process
[0725/140413.770:ERROR:process_reader_win.cc(123)] NtOpenThread: {Odmowa dostêpu} Proces za¿¹da³ dostêpu do obiektu, ale prawa dostêpu nie zosta³y przyznane. (0xc0000022)
[0725/140413.771:ERROR:exception_snapshot_win.cc(98)] thread ID 20080 not found in process
[0725/144029.001:ERROR:process_reader_win.cc(123)] NtOpenThread: {Odmowa dostêpu} Proces za¿¹da³ dostêpu do obiektu, ale prawa dostêpu nie zosta³y przyznane. (0xc0000022)
[0725/144029.001:ERROR:exception_snapshot_win.cc(98)] thread ID 20776 not found in process
[0725/144408.202:ERROR:process_reader_win.cc(123)] NtOpenThread: {Odmowa dostêpu} Proces za¿¹da³ dostêpu do obiektu, ale prawa dostêpu nie zosta³y przyznane. (0xc0000022)
[0725/144408.203:ERROR:exception_snapshot_win.cc(98)] thread ID 10504 not found in process
[0725/144501.938:ERROR:process_reader_win.cc(123)] NtOpenThread: {Odmowa dostêpu} Proces za¿¹da³ dostêpu do obiektu, ale prawa dostêpu nie zosta³y przyznane. (0xc0000022)
[0725/144501.940:ERROR:exception_snapshot_win.cc(98)] thread ID 22032 not found in process
[0725/144501.943:ERROR:process_reader_win.cc(123)] NtOpenThread: {Odmowa dostêpu} Proces za¿¹da³ dostêpu do obiektu, ale prawa dostêpu nie zosta³y przyznane. (0xc0000022)
[0725/144501.944:ERROR:exception_snapshot_win.cc(98)] thread ID 3348 not found in process
[0725/144501.945:ERROR:process_reader_win.cc(123)] NtOpenThread: {Odmowa dostêpu} Proces za¿¹da³ dostêpu do obiektu, ale prawa dostêpu nie zosta³y przyznane. (0xc0000022)
[0725/144501.946:ERROR:exception_snapshot_win.cc(98)] thread ID 24936 not found in process
[0725/144502.033:ERROR:process_reader_win.cc(123)] NtOpenThread: {Odmowa dostêpu} Proces za¿¹da³ dostêpu do obiektu, ale prawa dostêpu nie zosta³y przyznane. (0xc0000022)
[0725/144502.034:ERROR:exception_snapshot_win.cc(98)] thread ID 9384 not found in process
[0725/144616.421:ERROR:process_reader_win.cc(123)] NtOpenThread: {Odmowa dostêpu} Proces za¿¹da³ dostêpu do obiektu, ale prawa dostêpu nie zosta³y przyznane. (0xc0000022)
[0725/144616.422:ERROR:exception_snapshot_win.cc(98)] thread ID 9368 not found in process
[0725/144616.444:ERROR:process_info.cc(329)] VirtualQueryEx: Odmowa dostêpu. (0x5)
[0725/144616.444:ERROR:process_info.cc(550)] ReadMemoryInfo failed
[0725/144616.444:ERROR:scoped_process_suspend.cc(40)] NtResumeProcess: Podjêto próbê uzyskania dostêpu do procesu koñcz¹cego dzia³anie. (0xc000010a)
[0725/145928.549:ERROR:process_reader_win.cc(123)] NtOpenThread: {Odmowa dostêpu} Proces za¿¹da³ dostêpu do obiektu, ale prawa dostêpu nie zosta³y przyznane. (0xc0000022)
[0725/145928.550:ERROR:exception_snapshot_win.cc(98)] thread ID 17100 not found in process
[0725/150130.105:ERROR:process_reader_win.cc(123)] NtOpenThread: {Odmowa dostêpu} Proces za¿¹da³ dostêpu do obiektu, ale prawa dostêpu nie zosta³y przyznane. (0xc0000022)
[0725/150130.105:ERROR:exception_snapshot_win.cc(98)] thread ID 23540 not found in process
[0725/150200.626:ERROR:process_reader_win.cc(123)] NtOpenThread: {Odmowa dostêpu} Proces za¿¹da³ dostêpu do obiektu, ale prawa dostêpu nie zosta³y przyznane. (0xc0000022)
[0725/150200.627:ERROR:exception_snapshot_win.cc(98)] thread ID 16932 not found in process
[0725/151039.599:ERROR:process_reader_win.cc(123)] NtOpenThread: {Odmowa dostêpu} Proces za¿¹da³ dostêpu do obiektu, ale prawa dostêpu nie zosta³y przyznane. (0xc0000022)
[0725/151039.602:ERROR:exception_snapshot_win.cc(98)] thread ID 3848 not found in process
[0725/151039.700:ERROR:process_reader_win.cc(123)] NtOpenThread: {Odmowa dostêpu} Proces za¿¹da³ dostêpu do obiektu, ale prawa dostêpu nie zosta³y przyznane. (0xc0000022)
[0725/151039.702:ERROR:exception_snapshot_win.cc(98)] thread ID 16596 not found in process
[0725/151309.594:ERROR:process_reader_win.cc(123)] NtOpenThread: {Odmowa dostêpu} Proces za¿¹da³ dostêpu do obiektu, ale prawa dostêpu nie zosta³y przyznane. (0xc0000022)
[0725/151309.595:ERROR:exception_snapshot_win.cc(98)] thread ID 5344 not found in process
[0725/151945.661:ERROR:process_reader_win.cc(123)] NtOpenThread: {Odmowa dostêpu} Proces za¿¹da³ dostêpu do obiektu, ale prawa dostêpu nie zosta³y przyznane. (0xc0000022)
[0725/151945.662:ERROR:exception_snapshot_win.cc(98)] thread ID 21432 not found in process
[0725/151945.765:ERROR:process_reader_win.cc(123)] NtOpenThread: {Odmowa dostêpu} Proces za¿¹da³ dostêpu do obiektu, ale prawa dostêpu nie zosta³y przyznane. (0xc0000022)
[0725/151945.766:ERROR:exception_snapshot_win.cc(98)] thread ID 15384 not found in process
[0725/152101.380:ERROR:process_reader_win.cc(123)] NtOpenThread: {Odmowa dostêpu} Proces za¿¹da³ dostêpu do obiektu, ale prawa dostêpu nie zosta³y przyznane. (0xc0000022)
[0725/152101.381:ERROR:exception_snapshot_win.cc(98)] thread ID 25744 not found in process
[0725/152101.485:ERROR:process_reader_win.cc(123)] NtOpenThread: {Odmowa dostêpu} Proces za¿¹da³ dostêpu do obiektu, ale prawa dostêpu nie zosta³y przyznane. (0xc0000022)
[0725/152101.488:ERROR:exception_snapshot_win.cc(98)] thread ID 24912 not found in process
[0725/152756.325:ERROR:process_reader_win.cc(123)] NtOpenThread: {Odmowa dostêpu} Proces za¿¹da³ dostêpu do obiektu, ale prawa dostêpu nie zosta³y przyznane. (0xc0000022)
[0725/152756.326:ERROR:exception_snapshot_win.cc(98)] thread ID 21608 not found in process
[0726/073719.445:ERROR:process_reader_win.cc(123)] NtOpenThread: {Odmowa dostêpu} Proces za¿¹da³ dostêpu do obiektu, ale prawa dostêpu nie zosta³y przyznane. (0xc0000022)
[0726/073719.446:ERROR:exception_snapshot_win.cc(98)] thread ID 21532 not found in process
[0726/074036.385:ERROR:process_reader_win.cc(123)] NtOpenThread: {Odmowa dostêpu} Proces za¿¹da³ dostêpu do obiektu, ale prawa dostêpu nie zosta³y przyznane. (0xc0000022)
[0726/074036.386:ERROR:exception_snapshot_win.cc(98)] thread ID 9780 not found in process
[0726/074425.964:ERROR:process_reader_win.cc(123)] NtOpenThread: {Odmowa dostêpu} Proces za¿¹da³ dostêpu do obiektu, ale prawa dostêpu nie zosta³y przyznane. (0xc0000022)
[0726/074425.965:ERROR:exception_snapshot_win.cc(98)] thread ID 24460 not found in process
[0726/074617.407:ERROR:process_reader_win.cc(123)] NtOpenThread: {Odmowa dostêpu} Proces za¿¹da³ dostêpu do obiektu, ale prawa dostêpu nie zosta³y przyznane. (0xc0000022)
[0726/074617.408:ERROR:exception_snapshot_win.cc(98)] thread ID 14508 not found in process
[0726/074841.060:ERROR:process_reader_win.cc(123)] NtOpenThread: {Odmowa dostêpu} Proces za¿¹da³ dostêpu do obiektu, ale prawa dostêpu nie zosta³y przyznane. (0xc0000022)
[0726/074841.061:ERROR:exception_snapshot_win.cc(98)] thread ID 23744 not found in process
[0726/075118.288:ERROR:process_reader_win.cc(123)] NtOpenThread: {Odmowa dostêpu} Proces za¿¹da³ dostêpu do obiektu, ale prawa dostêpu nie zosta³y przyznane. (0xc0000022)
[0726/075118.289:ERROR:exception_snapshot_win.cc(98)] thread ID 7632 not found in process
[0726/075118.371:ERROR:process_reader_win.cc(123)] NtOpenThread: {Odmowa dostêpu} Proces za¿¹da³ dostêpu do obiektu, ale prawa dostêpu nie zosta³y przyznane. (0xc0000022)
[0726/075118.372:ERROR:exception_snapshot_win.cc(98)] thread ID 25956 not found in process
[0726/075155.642:ERROR:process_reader_win.cc(123)] NtOpenThread: {Odmowa dostêpu} Proces za¿¹da³ dostêpu do obiektu, ale prawa dostêpu nie zosta³y przyznane. (0xc0000022)
[0726/075155.643:ERROR:exception_snapshot_win.cc(98)] thread ID 12356 not found in process
[0726/075155.724:ERROR:process_reader_win.cc(123)] NtOpenThread: {Odmowa dostêpu} Proces za¿¹da³ dostêpu do obiektu, ale prawa dostêpu nie zosta³y przyznane. (0xc0000022)
[0726/075155.725:ERROR:exception_snapshot_win.cc(98)] thread ID 5860 not found in process
[0726/075324.603:ERROR:process_reader_win.cc(123)] NtOpenThread: {Odmowa dostêpu} Proces za¿¹da³ dostêpu do obiektu, ale prawa dostêpu nie zosta³y przyznane. (0xc0000022)
[0726/075324.604:ERROR:exception_snapshot_win.cc(98)] thread ID 15440 not found in process
[0726/075556.173:ERROR:process_reader_win.cc(123)] NtOpenThread: {Odmowa dostêpu} Proces za¿¹da³ dostêpu do obiektu, ale prawa dostêpu nie zosta³y przyznane. (0xc0000022)
[0726/075556.174:ERROR:exception_snapshot_win.cc(98)] thread ID 25172 not found in process
[0726/075556.295:ERROR:process_reader_win.cc(123)] NtOpenThread: {Odmowa dostêpu} Proces za¿¹da³ dostêpu do obiektu, ale prawa dostêpu nie zosta³y przyznane. (0xc0000022)
[0726/075556.296:ERROR:exception_snapshot_win.cc(98)] thread ID 23868 not found in process
[0726/075651.140:ERROR:process_reader_win.cc(123)] NtOpenThread: {Odmowa dostêpu} Proces za¿¹da³ dostêpu do obiektu, ale prawa dostêpu nie zosta³y przyznane. (0xc0000022)
[0726/075651.141:ERROR:exception_snapshot_win.cc(98)] thread ID 18928 not found in process
[0726/075753.379:ERROR:process_reader_win.cc(123)] NtOpenThread: {Odmowa dostêpu} Proces za¿¹da³ dostêpu do obiektu, ale prawa dostêpu nie zosta³y przyznane. (0xc0000022)
[0726/075753.380:ERROR:exception_snapshot_win.cc(98)] thread ID 16544 not found in process
[0726/075901.398:ERROR:process_reader_win.cc(123)] NtOpenThread: {Odmowa dostêpu} Proces za¿¹da³ dostêpu do obiektu, ale prawa dostêpu nie zosta³y przyznane. (0xc0000022)
[0726/075901.398:ERROR:exception_snapshot_win.cc(98)] thread ID 10780 not found in process
[0726/075938.275:ERROR:process_reader_win.cc(123)] NtOpenThread: {Odmowa dostêpu} Proces za¿¹da³ dostêpu do obiektu, ale prawa dostêpu nie zosta³y przyznane. (0xc0000022)
[0726/075938.277:ERROR:exception_snapshot_win.cc(98)] thread ID 19656 not found in process
[0726/084246.356:ERROR:process_reader_win.cc(123)] NtOpenThread: {Odmowa dostêpu} Proces za¿¹da³ dostêpu do obiektu, ale prawa dostêpu nie zosta³y przyznane. (0xc0000022)
[0726/084246.356:ERROR:exception_snapshot_win.cc(98)] thread ID 7984 not found in process
[0726/084352.289:ERROR:process_reader_win.cc(123)] NtOpenThread: {Odmowa dostêpu} Proces za¿¹da³ dostêpu do obiektu, ale prawa dostêpu nie zosta³y przyznane. (0xc0000022)
[0726/084352.290:ERROR:exception_snapshot_win.cc(98)] thread ID 16472 not found in process
[0726/085249.187:ERROR:process_reader_win.cc(123)] NtOpenThread: {Odmowa dostêpu} Proces za¿¹da³ dostêpu do obiektu, ale prawa dostêpu nie zosta³y przyznane. (0xc0000022)
[0726/085249.187:ERROR:exception_snapshot_win.cc(98)] thread ID 3584 not found in process
[0726/085445.610:ERROR:process_reader_win.cc(123)] NtOpenThread: {Odmowa dostêpu} Proces za¿¹da³ dostêpu do obiektu, ale prawa dostêpu nie zosta³y przyznane. (0xc0000022)
[0726/085445.612:ERROR:exception_snapshot_win.cc(98)] thread ID 12376 not found in process
[0726/090059.339:ERROR:process_reader_win.cc(123)] NtOpenThread: {Odmowa dostêpu} Proces za¿¹da³ dostêpu do obiektu, ale prawa dostêpu nie zosta³y przyznane. (0xc0000022)
[0726/090059.340:ERROR:exception_snapshot_win.cc(98)] thread ID 15728 not found in process
[0726/090255.748:ERROR:process_reader_win.cc(123)] NtOpenThread: {Odmowa dostêpu} Proces za¿¹da³ dostêpu do obiektu, ale prawa dostêpu nie zosta³y przyznane. (0xc0000022)
[0726/090255.749:ERROR:exception_snapshot_win.cc(98)] thread ID 11308 not found in process
[0726/090537.120:ERROR:process_reader_win.cc(123)] NtOpenThread: {Odmowa dostêpu} Proces za¿¹da³ dostêpu do obiektu, ale prawa dostêpu nie zosta³y przyznane. (0xc0000022)
[0726/090537.121:ERROR:exception_snapshot_win.cc(98)] thread ID 7424 not found in process
[0726/090722.749:ERROR:process_reader_win.cc(123)] NtOpenThread: {Odmowa dostêpu} Proces za¿¹da³ dostêpu do obiektu, ale prawa dostêpu nie zosta³y przyznane. (0xc0000022)
[0726/090722.750:ERROR:exception_snapshot_win.cc(98)] thread ID 1388 not found in process
[0726/091700.739:ERROR:process_reader_win.cc(123)] NtOpenThread: {Odmowa dostêpu} Proces za¿¹da³ dostêpu do obiektu, ale prawa dostêpu nie zosta³y przyznane. (0xc0000022)
[0726/091700.740:ERROR:exception_snapshot_win.cc(98)] thread ID 13724 not found in process
[0726/094246.236:ERROR:process_reader_win.cc(123)] NtOpenThread: {Odmowa dostêpu} Proces za¿¹da³ dostêpu do obiektu, ale prawa dostêpu nie zosta³y przyznane. (0xc0000022)
[0726/094246.237:ERROR:exception_snapshot_win.cc(98)] thread ID 25108 not found in process
[0726/094246.344:ERROR:process_reader_win.cc(123)] NtOpenThread: {Odmowa dostêpu} Proces za¿¹da³ dostêpu do obiektu, ale prawa dostêpu nie zosta³y przyznane. (0xc0000022)
[0726/094246.350:ERROR:exception_snapshot_win.cc(98)] thread ID 10308 not found in process
[0726/094246.463:ERROR:process_reader_win.cc(123)] NtOpenThread: {Odmowa dostêpu} Proces za¿¹da³ dostêpu do obiektu, ale prawa dostêpu nie zosta³y przyznane. (0xc0000022)
[0726/094246.464:ERROR:exception_snapshot_win.cc(98)] thread ID 22652 not found in process
[0726/094246.594:ERROR:process_reader_win.cc(123)] NtOpenThread: {Odmowa dostêpu} Proces za¿¹da³ dostêpu do obiektu, ale prawa dostêpu nie zosta³y przyznane. (0xc0000022)
[0726/094246.595:ERROR:exception_snapshot_win.cc(98)] thread ID 1704 not found in process
[0726/094851.539:ERROR:process_reader_win.cc(123)] NtOpenThread: {Odmowa dostêpu} Proces za¿¹da³ dostêpu do obiektu, ale prawa dostêpu nie zosta³y przyznane. (0xc0000022)
[0726/094851.540:ERROR:exception_snapshot_win.cc(98)] thread ID 17180 not found in process
[0726/094910.528:ERROR:process_reader_win.cc(123)] NtOpenThread: {Odmowa dostêpu} Proces za¿¹da³ dostêpu do obiektu, ale prawa dostêpu nie zosta³y przyznane. (0xc0000022)
[0726/094910.528:ERROR:exception_snapshot_win.cc(98)] thread ID 21836 not found in process
[0726/094931.877:ERROR:process_reader_win.cc(123)] NtOpenThread: {Odmowa dostêpu} Proces za¿¹da³ dostêpu do obiektu, ale prawa dostêpu nie zosta³y przyznane. (0xc0000022)
[0726/094931.878:ERROR:exception_snapshot_win.cc(98)] thread ID 3008 not found in process
[0726/094931.991:ERROR:process_reader_win.cc(123)] NtOpenThread: {Odmowa dostêpu} Proces za¿¹da³ dostêpu do obiektu, ale prawa dostêpu nie zosta³y przyznane. (0xc0000022)
[0726/094931.992:ERROR:exception_snapshot_win.cc(98)] thread ID 10060 not found in process
[0726/094932.105:ERROR:process_reader_win.cc(123)] NtOpenThread: {Odmowa dostêpu} Proces za¿¹da³ dostêpu do obiektu, ale prawa dostêpu nie zosta³y przyznane. (0xc0000022)
[0726/094932.106:ERROR:exception_snapshot_win.cc(98)] thread ID 19124 not found in process
[0726/095048.809:ERROR:process_reader_win.cc(123)] NtOpenThread: {Odmowa dostêpu} Proces za¿¹da³ dostêpu do obiektu, ale prawa dostêpu nie zosta³y przyznane. (0xc0000022)
[0726/095048.810:ERROR:exception_snapshot_win.cc(98)] thread ID 17764 not found in process
[0726/095935.864:ERROR:process_reader_win.cc(123)] NtOpenThread: {Odmowa dostêpu} Proces za¿¹da³ dostêpu do obiektu, ale prawa dostêpu nie zosta³y przyznane. (0xc0000022)
[0726/095935.866:ERROR:exception_snapshot_win.cc(98)] thread ID 20756 not found in process
[0726/100059.974:ERROR:process_reader_win.cc(123)] NtOpenThread: {Odmowa dostêpu} Proces za¿¹da³ dostêpu do obiektu, ale prawa dostêpu nie zosta³y przyznane. (0xc0000022)
[0726/100059.975:ERROR:exception_snapshot_win.cc(98)] thread ID 19204 not found in process
[0726/104900.910:ERROR:process_reader_win.cc(123)] NtOpenThread: {Odmowa dostêpu} Proces za¿¹da³ dostêpu do obiektu, ale prawa dostêpu nie zosta³y przyznane. (0xc0000022)
[0726/104900.913:ERROR:exception_snapshot_win.cc(98)] thread ID 25792 not found in process
[0726/111620.818:ERROR:process_reader_win.cc(123)] NtOpenThread: {Odmowa dostêpu} Proces za¿¹da³ dostêpu do obiektu, ale prawa dostêpu nie zosta³y przyznane. (0xc0000022)
[0726/111620.819:ERROR:exception_snapshot_win.cc(98)] thread ID 9048 not found in process
[0726/111749.486:ERROR:process_reader_win.cc(123)] NtOpenThread: {Odmowa dostêpu} Proces za¿¹da³ dostêpu do obiektu, ale prawa dostêpu nie zosta³y przyznane. (0xc0000022)
[0726/111749.487:ERROR:exception_snapshot_win.cc(98)] thread ID 26416 not found in process
[0726/111927.736:ERROR:process_reader_win.cc(123)] NtOpenThread: {Odmowa dostêpu} Proces za¿¹da³ dostêpu do obiektu, ale prawa dostêpu nie zosta³y przyznane. (0xc0000022)
[0726/111927.736:ERROR:exception_snapshot_win.cc(98)] thread ID 12204 not found in process
[0726/112910.516:ERROR:process_reader_win.cc(123)] NtOpenThread: {Odmowa dostêpu} Proces za¿¹da³ dostêpu do obiektu, ale prawa dostêpu nie zosta³y przyznane. (0xc0000022)
[0726/112910.516:ERROR:exception_snapshot_win.cc(98)] thread ID 1396 not found in process
[0726/113250.115:ERROR:process_reader_win.cc(123)] NtOpenThread: {Odmowa dostêpu} Proces za¿¹da³ dostêpu do obiektu, ale prawa dostêpu nie zosta³y przyznane. (0xc0000022)
[0726/113250.116:ERROR:exception_snapshot_win.cc(98)] thread ID 24400 not found in process
[0726/113918.685:ERROR:process_reader_win.cc(123)] NtOpenThread: {Odmowa dostêpu} Proces za¿¹da³ dostêpu do obiektu, ale prawa dostêpu nie zosta³y przyznane. (0xc0000022)
[0726/113918.686:ERROR:exception_snapshot_win.cc(98)] thread ID 21316 not found in process
[0726/114229.578:ERROR:process_reader_win.cc(123)] NtOpenThread: {Odmowa dostêpu} Proces za¿¹da³ dostêpu do obiektu, ale prawa dostêpu nie zosta³y przyznane. (0xc0000022)
[0726/114229.579:ERROR:exception_snapshot_win.cc(98)] thread ID 25172 not found in process
[0726/114608.178:ERROR:process_reader_win.cc(123)] NtOpenThread: {Odmowa dostêpu} Proces za¿¹da³ dostêpu do obiektu, ale prawa dostêpu nie zosta³y przyznane. (0xc0000022)
[0726/114608.179:ERROR:exception_snapshot_win.cc(98)] thread ID 16560 not found in process
[0726/115942.642:ERROR:process_reader_win.cc(123)] NtOpenThread: {Odmowa dostêpu} Proces za¿¹da³ dostêpu do obiektu, ale prawa dostêpu nie zosta³y przyznane. (0xc0000022)
[0726/115942.642:ERROR:exception_snapshot_win.cc(98)] thread ID 24084 not found in process
[0726/115950.303:ERROR:process_reader_win.cc(123)] NtOpenThread: {Odmowa dostêpu} Proces za¿¹da³ dostêpu do obiektu, ale prawa dostêpu nie zosta³y przyznane. (0xc0000022)
[0726/115950.304:ERROR:exception_snapshot_win.cc(98)] thread ID 25164 not found in process
[0726/115959.331:ERROR:process_reader_win.cc(123)] NtOpenThread: {Odmowa dostêpu} Proces za¿¹da³ dostêpu do obiektu, ale prawa dostêpu nie zosta³y przyznane. (0xc0000022)
[0726/115959.332:ERROR:exception_snapshot_win.cc(98)] thread ID 22376 not found in process
[0726/120019.769:ERROR:process_reader_win.cc(123)] NtOpenThread: {Odmowa dostêpu} Proces za¿¹da³ dostêpu do obiektu, ale prawa dostêpu nie zosta³y przyznane. (0xc0000022)
[0726/120019.769:ERROR:exception_snapshot_win.cc(98)] thread ID 3256 not found in process
[0726/120028.277:ERROR:process_reader_win.cc(123)] NtOpenThread: {Odmowa dostêpu} Proces za¿¹da³ dostêpu do obiektu, ale prawa dostêpu nie zosta³y przyznane. (0xc0000022)
[0726/120028.277:ERROR:exception_snapshot_win.cc(98)] thread ID 7356 not found in process
[0726/120706.052:ERROR:process_reader_win.cc(123)] NtOpenThread: {Odmowa dostêpu} Proces za¿¹da³ dostêpu do obiektu, ale prawa dostêpu nie zosta³y przyznane. (0xc0000022)
[0726/120706.053:ERROR:exception_snapshot_win.cc(98)] thread ID 21348 not found in process
[0726/134329.336:ERROR:process_reader_win.cc(123)] NtOpenThread: {Odmowa dostêpu} Proces za¿¹da³ dostêpu do obiektu, ale prawa dostêpu nie zosta³y przyznane. (0xc0000022)
[0726/134329.337:ERROR:exception_snapshot_win.cc(98)] thread ID 4720 not found in process
[0726/134352.928:ERROR:process_reader_win.cc(123)] NtOpenThread: {Odmowa dostêpu} Proces za¿¹da³ dostêpu do obiektu, ale prawa dostêpu nie zosta³y przyznane. (0xc0000022)
[0726/134352.928:ERROR:exception_snapshot_win.cc(98)] thread ID 19864 not found in process
[0726/134441.207:ERROR:process_reader_win.cc(123)] NtOpenThread: {Odmowa dostêpu} Proces za¿¹da³ dostêpu do obiektu, ale prawa dostêpu nie zosta³y przyznane. (0xc0000022)
[0726/134441.208:ERROR:exception_snapshot_win.cc(98)] thread ID 2044 not found in process
[0726/134707.109:ERROR:process_reader_win.cc(123)] NtOpenThread: {Odmowa dostêpu} Proces za¿¹da³ dostêpu do obiektu, ale prawa dostêpu nie zosta³y przyznane. (0xc0000022)
[0726/134707.110:ERROR:exception_snapshot_win.cc(98)] thread ID 14508 not found in process
[0726/140412.713:ERROR:process_reader_win.cc(123)] NtOpenThread: {Odmowa dostêpu} Proces za¿¹da³ dostêpu do obiektu, ale prawa dostêpu nie zosta³y przyznane. (0xc0000022)
[0726/140412.713:ERROR:exception_snapshot_win.cc(98)] thread ID 17200 not found in process
[0726/141513.920:ERROR:process_reader_win.cc(123)] NtOpenThread: {Odmowa dostêpu} Proces za¿¹da³ dostêpu do obiektu, ale prawa dostêpu nie zosta³y przyznane. (0xc0000022)
[0726/141513.921:ERROR:exception_snapshot_win.cc(98)] thread ID 19124 not found in process
[0726/141710.554:ERROR:process_reader_win.cc(123)] NtOpenThread: {Odmowa dostêpu} Proces za¿¹da³ dostêpu do obiektu, ale prawa dostêpu nie zosta³y przyznane. (0xc0000022)
[0726/141710.555:ERROR:exception_snapshot_win.cc(98)] thread ID 21076 not found in process
[0726/141710.670:ERROR:process_reader_win.cc(123)] NtOpenThread: {Odmowa dostêpu} Proces za¿¹da³ dostêpu do obiektu, ale prawa dostêpu nie zosta³y przyznane. (0xc0000022)
[0726/141710.670:ERROR:exception_snapshot_win.cc(98)] thread ID 15232 not found in process
[0726/141710.771:ERROR:process_reader_win.cc(123)] NtOpenThread: {Odmowa dostêpu} Proces za¿¹da³ dostêpu do obiektu, ale prawa dostêpu nie zosta³y przyznane. (0xc0000022)
[0726/141710.772:ERROR:exception_snapshot_win.cc(98)] thread ID 23464 not found in process
[0726/141804.750:ERROR:process_reader_win.cc(123)] NtOpenThread: {Odmowa dostêpu} Proces za¿¹da³ dostêpu do obiektu, ale prawa dostêpu nie zosta³y przyznane. (0xc0000022)
[0726/141804.750:ERROR:exception_snapshot_win.cc(98)] thread ID 1508 not found in process
[0726/142230.300:ERROR:process_reader_win.cc(123)] NtOpenThread: {Odmowa dostêpu} Proces za¿¹da³ dostêpu do obiektu, ale prawa dostêpu nie zosta³y przyznane. (0xc0000022)
[0726/142230.300:ERROR:exception_snapshot_win.cc(98)] thread ID 6956 not found in process
[0726/142230.426:ERROR:process_reader_win.cc(123)] NtOpenThread: {Odmowa dostêpu} Proces za¿¹da³ dostêpu do obiektu, ale prawa dostêpu nie zosta³y przyznane. (0xc0000022)
[0726/142230.428:ERROR:exception_snapshot_win.cc(98)] thread ID 21296 not found in process
[0726/142230.556:ERROR:process_reader_win.cc(123)] NtOpenThread: {Odmowa dostêpu} Proces za¿¹da³ dostêpu do obiektu, ale prawa dostêpu nie zosta³y przyznane. (0xc0000022)
[0726/142230.556:ERROR:exception_snapshot_win.cc(98)] thread ID 16136 not found in process
[0726/142420.381:ERROR:process_reader_win.cc(123)] NtOpenThread: {Odmowa dostêpu} Proces za¿¹da³ dostêpu do obiektu, ale prawa dostêpu nie zosta³y przyznane. (0xc0000022)
[0726/142420.382:ERROR:exception_snapshot_win.cc(98)] thread ID 864 not found in process
[0726/142420.477:ERROR:process_reader_win.cc(123)] NtOpenThread: {Odmowa dostêpu} Proces za¿¹da³ dostêpu do obiektu, ale prawa dostêpu nie zosta³y przyznane. (0xc0000022)
[0726/142420.478:ERROR:exception_snapshot_win.cc(98)] thread ID 8684 not found in process
[0726/143318.092:ERROR:process_reader_win.cc(123)] NtOpenThread: {Odmowa dostêpu} Proces za¿¹da³ dostêpu do obiektu, ale prawa dostêpu nie zosta³y przyznane. (0xc0000022)
[0726/143318.093:ERROR:exception_snapshot_win.cc(98)] thread ID 25640 not found in process
[0726/143318.189:ERROR:process_reader_win.cc(123)] NtOpenThread: {Odmowa dostêpu} Proces za¿¹da³ dostêpu do obiektu, ale prawa dostêpu nie zosta³y przyznane. (0xc0000022)
[0726/143318.191:ERROR:exception_snapshot_win.cc(98)] thread ID 20576 not found in process
[0726/143318.297:ERROR:process_reader_win.cc(123)] NtOpenThread: {Odmowa dostêpu} Proces za¿¹da³ dostêpu do obiektu, ale prawa dostêpu nie zosta³y przyznane. (0xc0000022)
[0726/143318.298:ERROR:exception_snapshot_win.cc(98)] thread ID 444 not found in process
[0726/143614.990:ERROR:process_reader_win.cc(123)] NtOpenThread: {Odmowa dostêpu} Proces za¿¹da³ dostêpu do obiektu, ale prawa dostêpu nie zosta³y przyznane. (0xc0000022)
[0726/143614.991:ERROR:exception_snapshot_win.cc(98)] thread ID 24648 not found in process
[0726/143804.237:ERROR:process_reader_win.cc(123)] NtOpenThread: {Odmowa dostêpu} Proces za¿¹da³ dostêpu do obiektu, ale prawa dostêpu nie zosta³y przyznane. (0xc0000022)
[0726/143804.238:ERROR:exception_snapshot_win.cc(98)] thread ID 20240 not found in process
[0726/143845.147:ERROR:process_reader_win.cc(123)] NtOpenThread: {Odmowa dostêpu} Proces za¿¹da³ dostêpu do obiektu, ale prawa dostêpu nie zosta³y przyznane. (0xc0000022)
[0726/143845.148:ERROR:exception_snapshot_win.cc(98)] thread ID 23180 not found in process
[0726/143845.241:ERROR:process_reader_win.cc(123)] NtOpenThread: {Odmowa dostêpu} Proces za¿¹da³ dostêpu do obiektu, ale prawa dostêpu nie zosta³y przyznane. (0xc0000022)
[0726/143845.242:ERROR:exception_snapshot_win.cc(98)] thread ID 2104 not found in process
[0726/144102.368:ERROR:process_reader_win.cc(123)] NtOpenThread: {Odmowa dostêpu} Proces za¿¹da³ dostêpu do obiektu, ale prawa dostêpu nie zosta³y przyznane. (0xc0000022)
[0726/144102.369:ERROR:exception_snapshot_win.cc(98)] thread ID 15236 not found in process
[0726/144359.655:ERROR:process_reader_win.cc(123)] NtOpenThread: {Odmowa dostêpu} Proces za¿¹da³ dostêpu do obiektu, ale prawa dostêpu nie zosta³y przyznane. (0xc0000022)
[0726/144359.655:ERROR:exception_snapshot_win.cc(98)] thread ID 25108 not found in process
[0726/144954.473:ERROR:process_reader_win.cc(123)] NtOpenThread: {Odmowa dostêpu} Proces za¿¹da³ dostêpu do obiektu, ale prawa dostêpu nie zosta³y przyznane. (0xc0000022)
[0726/144954.473:ERROR:exception_snapshot_win.cc(98)] thread ID 16692 not found in process
[0726/145649.251:ERROR:process_reader_win.cc(123)] NtOpenThread: {Odmowa dostêpu} Proces za¿¹da³ dostêpu do obiektu, ale prawa dostêpu nie zosta³y przyznane. (0xc0000022)
[0726/145649.251:ERROR:exception_snapshot_win.cc(98)] thread ID 22196 not found in process
[0726/145649.340:ERROR:process_reader_win.cc(123)] NtOpenThread: {Odmowa dostêpu} Proces za¿¹da³ dostêpu do obiektu, ale prawa dostêpu nie zosta³y przyznane. (0xc0000022)
[0726/145649.341:ERROR:exception_snapshot_win.cc(98)] thread ID 24368 not found in process
[0726/145649.444:ERROR:process_reader_win.cc(123)] NtOpenThread: {Odmowa dostêpu} Proces za¿¹da³ dostêpu do obiektu, ale prawa dostêpu nie zosta³y przyznane. (0xc0000022)
[0726/145649.445:ERROR:exception_snapshot_win.cc(98)] thread ID 14468 not found in process
[0726/145810.836:ERROR:process_reader_win.cc(123)] NtOpenThread: {Odmowa dostêpu} Proces za¿¹da³ dostêpu do obiektu, ale prawa dostêpu nie zosta³y przyznane. (0xc0000022)
[0726/145810.837:ERROR:exception_snapshot_win.cc(98)] thread ID 3768 not found in process
[0729/075801.906:ERROR:process_reader_win.cc(123)] NtOpenThread: {Odmowa dostêpu} Proces za¿¹da³ dostêpu do obiektu, ale prawa dostêpu nie zosta³y przyznane. (0xc0000022)
[0729/075801.907:ERROR:exception_snapshot_win.cc(98)] thread ID 12352 not found in process
[0729/080007.692:ERROR:process_reader_win.cc(123)] NtOpenThread: {Odmowa dostêpu} Proces za¿¹da³ dostêpu do obiektu, ale prawa dostêpu nie zosta³y przyznane. (0xc0000022)
[0729/080007.693:ERROR:exception_snapshot_win.cc(98)] thread ID 12276 not found in process
[0729/080007.767:ERROR:process_reader_win.cc(123)] NtOpenThread: {Odmowa dostêpu} Proces za¿¹da³ dostêpu do obiektu, ale prawa dostêpu nie zosta³y przyznane. (0xc0000022)
[0729/080007.768:ERROR:exception_snapshot_win.cc(98)] thread ID 13540 not found in process
[0729/082641.656:ERROR:process_reader_win.cc(123)] NtOpenThread: {Odmowa dostêpu} Proces za¿¹da³ dostêpu do obiektu, ale prawa dostêpu nie zosta³y przyznane. (0xc0000022)
[0729/082641.657:ERROR:exception_snapshot_win.cc(98)] thread ID 13396 not found in process
[0729/083609.689:ERROR:process_reader_win.cc(123)] NtOpenThread: {Odmowa dostêpu} Proces za¿¹da³ dostêpu do obiektu, ale prawa dostêpu nie zosta³y przyznane. (0xc0000022)
[0729/083609.690:ERROR:exception_snapshot_win.cc(98)] thread ID 10560 not found in process
[0729/084631.514:ERROR:process_reader_win.cc(123)] NtOpenThread: {Odmowa dostêpu} Proces za¿¹da³ dostêpu do obiektu, ale prawa dostêpu nie zosta³y przyznane. (0xc0000022)
[0729/084631.515:ERROR:exception_snapshot_win.cc(98)] thread ID 8316 not found in process
[0729/091342.395:ERROR:process_reader_win.cc(123)] NtOpenThread: {Odmowa dostêpu} Proces za¿¹da³ dostêpu do obiektu, ale prawa dostêpu nie zosta³y przyznane. (0xc0000022)
[0729/091342.396:ERROR:exception_snapshot_win.cc(98)] thread ID 1404 not found in process
[0729/120717.392:ERROR:process_reader_win.cc(123)] NtOpenThread: {Odmowa dostêpu} Proces za¿¹da³ dostêpu do obiektu, ale prawa dostêpu nie zosta³y przyznane. (0xc0000022)
[0729/120717.393:ERROR:exception_snapshot_win.cc(98)] thread ID 6280 not found in process
[0729/122024.087:ERROR:process_reader_win.cc(123)] NtOpenThread: {Odmowa dostêpu} Proces za¿¹da³ dostêpu do obiektu, ale prawa dostêpu nie zosta³y przyznane. (0xc0000022)
[0729/122024.087:ERROR:exception_snapshot_win.cc(98)] thread ID 10408 not found in process
[0729/193044.912:ERROR:process_reader_win.cc(123)] NtOpenThread: {Odmowa dostêpu} Proces za¿¹da³ dostêpu do obiektu, ale prawa dostêpu nie zosta³y przyznane. (0xc0000022)
[0729/193044.913:ERROR:exception_snapshot_win.cc(98)] thread ID 6212 not found in process
[0729/200245.450:ERROR:process_reader_win.cc(123)] NtOpenThread: {Odmowa dostêpu} Proces za¿¹da³ dostêpu do obiektu, ale prawa dostêpu nie zosta³y przyznane. (0xc0000022)
[0729/200245.450:ERROR:exception_snapshot_win.cc(98)] thread ID 14988 not found in process
[0729/151929.028:ERROR:process_reader_win.cc(123)] NtOpenThread: {Odmowa dostêpu} Proces za¿¹da³ dostêpu do obiektu, ale prawa dostêpu nie zosta³y przyznane. (0xc0000022)
[0729/151929.029:ERROR:exception_snapshot_win.cc(98)] thread ID 14468 not found in process
[0729/135821.408:ERROR:process_reader_win.cc(123)] NtOpenThread: {Odmowa dostêpu} Proces za¿¹da³ dostêpu do obiektu, ale prawa dostêpu nie zosta³y przyznane. (0xc0000022)
[0729/135821.408:ERROR:exception_snapshot_win.cc(98)] thread ID 4424 not found in process
[0729/140106.093:ERROR:process_reader_win.cc(123)] NtOpenThread: {Odmowa dostêpu} Proces za¿¹da³ dostêpu do obiektu, ale prawa dostêpu nie zosta³y przyznane. (0xc0000022)
[0729/140106.093:ERROR:exception_snapshot_win.cc(98)] thread ID 14060 not found in process
[0730/123958.673:ERROR:process_reader_win.cc(123)] NtOpenThread: {Odmowa dostêpu} Proces za¿¹da³ dostêpu do obiektu, ale prawa dostêpu nie zosta³y przyznane. (0xc0000022)
[0730/123958.678:ERROR:exception_snapshot_win.cc(98)] thread ID 2672 not found in process
[0730/124046.280:ERROR:process_reader_win.cc(123)] NtOpenThread: {Odmowa dostêpu} Proces za¿¹da³ dostêpu do obiektu, ale prawa dostêpu nie zosta³y przyznane. (0xc0000022)
[0730/124046.280:ERROR:exception_snapshot_win.cc(98)] thread ID 10172 not found in process
[0730/124259.345:ERROR:process_reader_win.cc(151)] SuspendThread: Odmowa dostêpu. (0x5)
[0730/124259.346:ERROR:process_reader_win.cc(151)] SuspendThread: Odmowa dostêpu. (0x5)
[0730/124259.346:ERROR:process_reader_win.cc(151)] SuspendThread: Odmowa dostêpu. (0x5)
[0730/124259.346:ERROR:process_reader_win.cc(151)] SuspendThread: Odmowa dostêpu. (0x5)
[0730/124259.346:ERROR:process_reader_win.cc(151)] SuspendThread: Odmowa dostêpu. (0x5)
[0730/124259.346:ERROR:process_reader_win.cc(151)] SuspendThread: Odmowa dostêpu. (0x5)
[0730/124259.346:ERROR:process_reader_win.cc(151)] SuspendThread: Odmowa dostêpu. (0x5)
[0730/124259.347:ERROR:process_reader_win.cc(123)] NtOpenThread: {Odmowa dostêpu} Proces za¿¹da³ dostêpu do obiektu, ale prawa dostêpu nie zosta³y przyznane. (0xc0000022)
[0730/124259.347:ERROR:exception_snapshot_win.cc(98)] thread ID 7652 not found in process
[0730/140027.912:ERROR:process_reader_win.cc(123)] NtOpenThread: {Odmowa dostêpu} Proces za¿¹da³ dostêpu do obiektu, ale prawa dostêpu nie zosta³y przyznane. (0xc0000022)
[0730/140027.913:ERROR:exception_snapshot_win.cc(98)] thread ID 9796 not found in process
[0731/090405.532:ERROR:process_reader_win.cc(123)] NtOpenThread: {Odmowa dostêpu} Proces za¿¹da³ dostêpu do obiektu, ale prawa dostêpu nie zosta³y przyznane. (0xc0000022)
[0731/090405.535:ERROR:exception_snapshot_win.cc(98)] thread ID 7084 not found in process
[0731/100757.833:ERROR:process_reader_win.cc(123)] NtOpenThread: {Odmowa dostêpu} Proces za¿¹da³ dostêpu do obiektu, ale prawa dostêpu nie zosta³y przyznane. (0xc0000022)
[0731/100757.834:ERROR:exception_snapshot_win.cc(98)] thread ID 388 not found in process
